<?xml version="1.0" encoding="UTF-8"?>
<!-- Generated by org.testng.reporters.JUnitReportReporter -->
<testsuite skipped="0" hostname="ip-172-31-10-141" name="tests.LoginTest" tests="1" failures="0" timestamp="2020-11-26T08:57:44 UTC" time="21.696" errors="0">
  <testcase name="login" time="21.696" classname="tests.LoginTest"/>
  <system-out/>
</testsuite> <!-- tests.LoginTest -->
