<?xml version="1.0" encoding="UTF-8"?>
<!-- Generated by org.testng.reporters.JUnitReportReporter -->
<testsuite hostname="ip-172-31-10-141" name="tests.LoginTest" tests="1" failures="0" timestamp="26 Nov 2020 09:01:24 GMT" time="4.368" errors="0">
  <testcase name="login" time="4.368" classname="tests.LoginTest"/>
</testsuite> <!-- tests.LoginTest -->
